Couldn't import dot_parser, loading of dot files will not be possible.
['CLCA2', 'S100A8', 'CHI3L1', 'CSTA', 'FAT2', 'NIPAL4', 'ELN', 'ALDH1A1', 'SAA1', 'SCGB1A1', 'CRYAB', 'SNURF', 'NGFR', 'SDK2', 'LGALS7', 'LGALS7B', 'MXRA5']
CLCA2
S100A8
CHI3L1
CSTA
FAT2
NIPAL4
ELN
ALDH1A1
SAA1
SCGB1A1
CRYAB
SNURF
NGFR
Gene NGFR Not Found
SDK2
LGALS7
Gene LGALS7 Not Found
LGALS7B
MXRA5
CLCA2
S100A8
CHI3L1
CSTA
FAT2
NIPAL4
ELN
ALDH1A1
SAA1
SCGB1A1
CRYAB
SNURF
NGFR
SDK2
LGALS7
LGALS7B
MXRA5
CLCA2
S100A8
CHI3L1
CSTA
FAT2
NIPAL4
ELN
ALDH1A1
SAA1
SCGB1A1
CRYAB
SNURF
NGFR
SDK2
LGALS7
LGALS7B
MXRA5
CLCA2
S100A8
CHI3L1
CSTA
FAT2
NIPAL4
ELN
ALDH1A1
SAA1
SCGB1A1
CRYAB
SNURF
NGFR
SDK2
LGALS7
LGALS7B
MXRA5
Finish
Couldn't import dot_parser, loading of dot files will not be possible.
['CLCA2', 'S100A8', 'CHI3L1', 'CSTA', 'FAT2', 'NIPAL4', 'ELN', 'ALDH1A1', 'SAA1', 'SCGB1A1', 'CRYAB', 'SNURF', 'NGFR', 'SDK2', 'LGALS7', 'LGALS7B', 'MXRA5']
CLCA2
S100A8
CHI3L1
CSTA
FAT2
NIPAL4
ELN
ALDH1A1
SAA1
SCGB1A1
CRYAB
SNURF
NGFR
SDK2
LGALS7
LGALS7B
MXRA5
CLCA2
S100A8
CHI3L1
CSTA
FAT2
NIPAL4
ELN
ALDH1A1
SAA1
SCGB1A1
CRYAB
SNURF
NGFR
SDK2
LGALS7
LGALS7B
MXRA5
CLCA2
S100A8
CHI3L1
CSTA
FAT2
NIPAL4
ELN
ALDH1A1
SAA1
SCGB1A1
CRYAB
SNURF
NGFR
SDK2
LGALS7
LGALS7B
MXRA5
CLCA2
S100A8
CHI3L1
CSTA
FAT2
NIPAL4
ELN
ALDH1A1
SAA1
SCGB1A1
CRYAB
SNURF
NGFR
SDK2
LGALS7
LGALS7B
MXRA5
Finish
Couldn't import dot_parser, loading of dot files will not be possible.
['PADI3', 'GJB5', 'GJB4', 'CLCA2', 'VAV3', 'C1orf59', 'SLC16A1', 'VTCN1', 'HORMAD1', 'SPRR1B', 'S100A9', 'S100A8', 'S100A14', 'RAB25', 'CRABP2', 'VANGL2', 'PVRL4', 'PKP1', 'LAD1', 'ELF3', 'CHI3L1', 'LOC642587', 'IRF6', 'CAPN8', 'NID1', 'THNSL2', 'PROM2', 'IL1RN', 'ITGB6', 'COL5A2', 'IGFBP2', 'UGT1A6', 'FBLN2', 'CSTA', 'TF', 'IL20RB', 'CP', 'C3orf57', 'TP63', 'CLDN1', 'S100P', 'FGFBP1', 'UCHL1', 'FGF2', 'IRX4', 'FYB', 'PCDHGB5', 'ZNF300', 'FAT2', 'NIPAL4', 'GABRP', 'NKX2-5', 'FAM83B', 'CD109', 'WISP3', 'AGR2', 'HOXA2', 'HOXA10', 'ELN', 'CD36', 'STEAP4', 'HR', 'SFRP1', 'ESRP1', 'LOC100288906', 'GRHL2', 'GSDMC', 'LYNX1', 'LY6D', 'LOC642574', 'KLHL9', 'LOC554202', 'IFNE', 'MTAP', 'CDKN2A', 'CDKN2B', 'AQP3', 'ALDH1A1', 'WNK2', 'PTGS1', 'LCN2', 'AKR1C2', 'CALML5', 'CALML3', 'COL17A1', 'MGMT', 'SAA1', 'SCGB1A1', 'ALDH3B2', 'ANO1', 'CRYAB', 'TMPRSS4', 'TRIM29', 'PLEKHG6', 'OLR1', 'MGP', 'KRT6B', 'KRT6C', 'KRT6A', 'KRT5', 'HOXC13', 'HOXC10', 'POU4F1', 'SLITRK6', 'DZIP1', 'SNRPN', 'SNURF', 'IPW', 'DNAJA4', 'ANPEP', 'LOC643806', 'CCDC64B', 'PRSS8', 'NETO2', 'ABCC11', 'SLC6A2', 'CDH1', 'HAS3', 'CDH13', 'FOXL1', 'MMP28', 'KRT23', 'KRT13', 'KRT15', 'KRT14', 'KRT16', 'KRT17', 'HAP1', 'NGFR', 'SDK2', 'DSC3', 'SERPINB5', 'C3', 'CASP14', 'UCA1', 'CYP4F11', 'FXYD3', 'RYR1', 'LGALS7', 'LGALS7B', 'CXCL17', 'ZNF229', 'CBLC', 'KLK5', 'KLK6', 'KLK8', 'KLK10', 'ZNF135', 'OVOL2', 'C20orf114', 'PI3', 'SLPI', 'CBS', 'SLC19A1', 'FBLN1', 'KLHDC7B', 'XG', 'MXRA5', 'COL4A6', 'SLC6A14', 'VGLL1', 'BGN']
PADI3
GJB5
GJB4
CLCA2
VAV3
C1orf59
Gene C1orf59 Not Found
SLC16A1
VTCN1
HORMAD1
Gene HORMAD1 Not Found
SPRR1B
S100A9
S100A8
S100A14
RAB25
CRABP2
VANGL2
PVRL4
PKP1
LAD1
ELF3
CHI3L1
LOC642587
Gene LOC642587 Not Found
IRF6
CAPN8
Gene CAPN8 Not Found
NID1
THNSL2
PROM2
IL1RN
ITGB6
COL5A2
IGFBP2
UGT1A6
FBLN2
CSTA
TF
IL20RB
CP
C3orf57
Gene C3orf57 Not Found
TP63
CLDN1
S100P
FGFBP1
UCHL1
FGF2
IRX4
FYB
PCDHGB5
ZNF300
FAT2
NIPAL4
GABRP
NKX2-5
FAM83B
CD109
WISP3
AGR2
HOXA2
HOXA10
ELN
CD36
Gene CD36 Not Found
STEAP4
HR
SFRP1
ESRP1
LOC100288906
Gene LOC100288906 Not Found
GRHL2
GSDMC
Gene GSDMC Not Found
LYNX1
LY6D
LOC642574
Gene LOC642574 Not Found
KLHL9
LOC554202
Gene LOC554202 Not Found
IFNE
MTAP
CDKN2A
CDKN2B
AQP3
ALDH1A1
WNK2
PTGS1
LCN2
AKR1C2
CALML5
CALML3
COL17A1
MGMT
SAA1
SCGB1A1
ALDH3B2
ANO1
CRYAB
TMPRSS4
TRIM29
PLEKHG6
OLR1
MGP
KRT6B
KRT6C
KRT6A
KRT5
HOXC13
HOXC10
POU4F1
SLITRK6
DZIP1
SNRPN
SNURF
IPW
Gene IPW Not Found
DNAJA4
Gene DNAJA4 Not Found
ANPEP
LOC643806
Gene LOC643806 Not Found
CCDC64B
PRSS8
NETO2
ABCC11
SLC6A2
CDH1
HAS3
CDH13
FOXL1
MMP28
KRT23
KRT13
KRT15
KRT14
KRT16
KRT17
HAP1
NGFR
SDK2
DSC3
SERPINB5
C3
CASP14
UCA1
Gene UCA1 Not Found
CYP4F11
FXYD3
RYR1
LGALS7
LGALS7B
CXCL17
ZNF229
CBLC
KLK5
KLK6
KLK8
KLK10
ZNF135
OVOL2
C20orf114
Gene C20orf114 Not Found
PI3
SLPI
CBS
SLC19A1
FBLN1
KLHDC7B
XG
Gene XG Not Found
MXRA5
COL4A6
SLC6A14
VGLL1
BGN
PADI3
GJB5
GJB4
CLCA2
VAV3
C1orf59
Gene C1orf59 Not Found
SLC16A1
VTCN1
HORMAD1
Gene HORMAD1 Not Found
SPRR1B
S100A9
S100A8
S100A14
RAB25
CRABP2
VANGL2
PVRL4
PKP1
LAD1
ELF3
CHI3L1
LOC642587
Gene LOC642587 Not Found
IRF6
CAPN8
Gene CAPN8 Not Found
NID1
THNSL2
PROM2
IL1RN
ITGB6
COL5A2
IGFBP2
UGT1A6
FBLN2
CSTA
TF
IL20RB
CP
C3orf57
Gene C3orf57 Not Found
TP63
CLDN1
S100P
FGFBP1
UCHL1
FGF2
IRX4
FYB
PCDHGB5
ZNF300
FAT2
NIPAL4
GABRP
NKX2-5
FAM83B
CD109
WISP3
AGR2
HOXA2
HOXA10
ELN
CD36
STEAP4
HR
SFRP1
ESRP1
LOC100288906
Gene LOC100288906 Not Found
GRHL2
GSDMC
Gene GSDMC Not Found
LYNX1
LY6D
LOC642574
Gene LOC642574 Not Found
KLHL9
LOC554202
Gene LOC554202 Not Found
IFNE
MTAP
CDKN2A
CDKN2B
AQP3
ALDH1A1
WNK2
PTGS1
LCN2
AKR1C2
CALML5
CALML3
COL17A1
MGMT
SAA1
SCGB1A1
ALDH3B2
ANO1
CRYAB
TMPRSS4
TRIM29
PLEKHG6
OLR1
MGP
KRT6B
KRT6C
Gene KRT6C Not Found
KRT6A
Gene KRT6A Not Found
KRT5
HOXC13
HOXC10
POU4F1
SLITRK6
DZIP1
SNRPN
SNURF
IPW
Gene IPW Not Found
DNAJA4
ANPEP
LOC643806
Gene LOC643806 Not Found
CCDC64B
PRSS8
NETO2
ABCC11
SLC6A2
CDH1
HAS3
CDH13
FOXL1
MMP28
KRT23
KRT13
KRT15
KRT14
KRT16
KRT17
HAP1
NGFR
SDK2
DSC3
SERPINB5
C3
CASP14
UCA1
Gene UCA1 Not Found
CYP4F11
FXYD3
RYR1
LGALS7
LGALS7B
CXCL17
ZNF229
CBLC
KLK5
KLK6
KLK8
KLK10
ZNF135
OVOL2
C20orf114
Gene C20orf114 Not Found
PI3
SLPI
CBS
SLC19A1
FBLN1
KLHDC7B
XG
Gene XG Not Found
MXRA5
COL4A6
SLC6A14
VGLL1
BGN
PADI3
GJB5
GJB4
CLCA2
VAV3
C1orf59
Gene C1orf59 Not Found
SLC16A1
VTCN1
HORMAD1
Gene HORMAD1 Not Found
SPRR1B
S100A9
S100A8
S100A14
RAB25
CRABP2
VANGL2
PVRL4
PKP1
LAD1
ELF3
CHI3L1
LOC642587
Gene LOC642587 Not Found
IRF6
CAPN8
Gene CAPN8 Not Found
NID1
THNSL2
PROM2
IL1RN
ITGB6
COL5A2
IGFBP2
UGT1A6
FBLN2
CSTA
TF
IL20RB
CP
C3orf57
Gene C3orf57 Not Found
TP63
CLDN1
S100P
FGFBP1
UCHL1
FGF2
IRX4
FYB
PCDHGB5
ZNF300
FAT2
NIPAL4
GABRP
NKX2-5
FAM83B
CD109
WISP3
AGR2
HOXA2
HOXA10
ELN
CD36
STEAP4
HR
SFRP1
ESRP1
LOC100288906
Gene LOC100288906 Not Found
GRHL2
GSDMC
Gene GSDMC Not Found
LYNX1
LY6D
LOC642574
Gene LOC642574 Not Found
KLHL9
LOC554202
Gene LOC554202 Not Found
IFNE
MTAP
CDKN2A
CDKN2B
AQP3
ALDH1A1
WNK2
PTGS1
LCN2
AKR1C2
CALML5
CALML3
COL17A1
MGMT
SAA1
SCGB1A1
ALDH3B2
ANO1
CRYAB
TMPRSS4
TRIM29
PLEKHG6
OLR1
MGP
KRT6B
KRT6C
KRT6A
KRT5
HOXC13
HOXC10
POU4F1
SLITRK6
DZIP1
SNRPN
SNURF
IPW
Gene IPW Not Found
DNAJA4
ANPEP
LOC643806
Gene LOC643806 Not Found
CCDC64B
PRSS8
NETO2
ABCC11
SLC6A2
CDH1
HAS3
CDH13
FOXL1
MMP28
KRT23
KRT13
KRT15
KRT14
KRT16
KRT17
HAP1
NGFR
SDK2
DSC3
SERPINB5
C3
CASP14
UCA1
Gene UCA1 Not Found
CYP4F11
FXYD3
RYR1
LGALS7
LGALS7B
CXCL17
ZNF229
CBLC
KLK5
KLK6
KLK8
KLK10
ZNF135
OVOL2
C20orf114
Gene C20orf114 Not Found
PI3
SLPI
CBS
SLC19A1
FBLN1
KLHDC7B
XG
Gene XG Not Found
MXRA5
COL4A6
SLC6A14
VGLL1
BGN
PADI3
GJB5
GJB4
CLCA2
VAV3
C1orf59
Gene C1orf59 Not Found
SLC16A1
VTCN1
HORMAD1
Gene HORMAD1 Not Found
SPRR1B
S100A9
S100A8
S100A14
RAB25
CRABP2
VANGL2
PVRL4
PKP1
LAD1
ELF3
CHI3L1
LOC642587
Gene LOC642587 Not Found
IRF6
CAPN8
Gene CAPN8 Not Found
NID1
THNSL2
PROM2
IL1RN
ITGB6
COL5A2
IGFBP2
UGT1A6
FBLN2
CSTA
TF
IL20RB
CP
C3orf57
Gene C3orf57 Not Found
TP63
CLDN1
S100P
FGFBP1
UCHL1
FGF2
IRX4
FYB
PCDHGB5
ZNF300
FAT2
NIPAL4
GABRP
NKX2-5
FAM83B
CD109
WISP3
AGR2
HOXA2
HOXA10
ELN
CD36
STEAP4
HR
SFRP1
ESRP1
LOC100288906
Gene LOC100288906 Not Found
GRHL2
GSDMC
Gene GSDMC Not Found
LYNX1
LY6D
LOC642574
Gene LOC642574 Not Found
KLHL9
LOC554202
Gene LOC554202 Not Found
IFNE
MTAP
CDKN2A
CDKN2B
AQP3
ALDH1A1
WNK2
PTGS1
LCN2
AKR1C2
CALML5
CALML3
COL17A1
MGMT
SAA1
SCGB1A1
ALDH3B2
ANO1
CRYAB
TMPRSS4
TRIM29
PLEKHG6
OLR1
MGP
KRT6B
KRT6C
KRT6A
KRT5
HOXC13
HOXC10
POU4F1
SLITRK6
DZIP1
SNRPN
SNURF
IPW
Gene IPW Not Found
DNAJA4
ANPEP
LOC643806
Gene LOC643806 Not Found
CCDC64B
PRSS8
NETO2
ABCC11
SLC6A2
CDH1
HAS3
CDH13
FOXL1
MMP28
KRT23
KRT13
KRT15
KRT14
KRT16
KRT17
HAP1
NGFR
SDK2
DSC3
SERPINB5
C3
CASP14
UCA1
Gene UCA1 Not Found
CYP4F11
FXYD3
RYR1
LGALS7
LGALS7B
CXCL17
ZNF229
CBLC
KLK5
KLK6
KLK8
KLK10
ZNF135
OVOL2
C20orf114
Gene C20orf114 Not Found
PI3
SLPI
CBS
SLC19A1
FBLN1
KLHDC7B
XG
Gene XG Not Found
MXRA5
COL4A6
SLC6A14
VGLL1
BGN
Finish
Couldn't import dot_parser, loading of dot files will not be possible.
['PADI3', 'GJB5', 'GJB4', 'CLCA2', 'VAV3', 'C1orf59', 'SLC16A1', 'VTCN1', 'HORMAD1', 'SPRR1B', 'S100A9', 'S100A8', 'S100A14', 'RAB25', 'CRABP2', 'VANGL2', 'PVRL4', 'PKP1', 'LAD1', 'ELF3', 'CHI3L1', 'LOC642587', 'IRF6', 'CAPN8', 'NID1', 'THNSL2', 'PROM2', 'IL1RN', 'ITGB6', 'COL5A2', 'IGFBP2', 'UGT1A6', 'FBLN2', 'CSTA', 'TF', 'IL20RB', 'CP', 'C3orf57', 'TP63', 'CLDN1', 'S100P', 'FGFBP1', 'UCHL1', 'FGF2', 'IRX4', 'FYB', 'PCDHGB5', 'ZNF300', 'FAT2', 'NIPAL4', 'GABRP', 'NKX2-5', 'FAM83B', 'CD109', 'WISP3', 'AGR2', 'HOXA2', 'HOXA10', 'ELN', 'CD36', 'STEAP4', 'HR', 'SFRP1', 'ESRP1', 'LOC100288906', 'GRHL2', 'GSDMC', 'LYNX1', 'LY6D', 'LOC642574', 'KLHL9', 'LOC554202', 'IFNE', 'MTAP', 'CDKN2A', 'CDKN2B', 'AQP3', 'ALDH1A1', 'WNK2', 'PTGS1', 'LCN2', 'AKR1C2', 'CALML5', 'CALML3', 'COL17A1', 'MGMT', 'SAA1', 'SCGB1A1', 'ALDH3B2', 'ANO1', 'CRYAB', 'TMPRSS4', 'TRIM29', 'PLEKHG6', 'OLR1', 'MGP', 'KRT6B', 'KRT6C', 'KRT6A', 'KRT5', 'HOXC13', 'HOXC10', 'POU4F1', 'SLITRK6', 'DZIP1', 'SNRPN', 'SNURF', 'IPW', 'DNAJA4', 'ANPEP', 'LOC643806', 'CCDC64B', 'PRSS8', 'NETO2', 'ABCC11', 'SLC6A2', 'CDH1', 'HAS3', 'CDH13', 'FOXL1', 'MMP28', 'KRT23', 'KRT13', 'KRT15', 'KRT14', 'KRT16', 'KRT17', 'HAP1', 'NGFR', 'SDK2', 'DSC3', 'SERPINB5', 'C3', 'CASP14', 'UCA1', 'CYP4F11', 'FXYD3', 'RYR1', 'LGALS7', 'LGALS7B', 'CXCL17', 'ZNF229', 'CBLC', 'KLK5', 'KLK6', 'KLK8', 'KLK10', 'ZNF135', 'OVOL2', 'C20orf114', 'PI3', 'SLPI', 'CBS', 'SLC19A1', 'FBLN1', 'KLHDC7B', 'XG', 'MXRA5', 'COL4A6', 'SLC6A14', 'VGLL1', 'BGN']
PADI3
GJB5
GJB4
CLCA2
VAV3
C1orf59
Gene C1orf59 Not Found
SLC16A1
VTCN1
HORMAD1
Gene HORMAD1 Not Found
SPRR1B
S100A9
S100A8
S100A14
RAB25
CRABP2
VANGL2
PVRL4
PKP1
LAD1
ELF3
CHI3L1
LOC642587
Gene LOC642587 Not Found
IRF6
CAPN8
Gene CAPN8 Not Found
NID1
THNSL2
PROM2
IL1RN
ITGB6
COL5A2
IGFBP2
UGT1A6
FBLN2
CSTA
TF
IL20RB
CP
C3orf57
Gene C3orf57 Not Found
TP63
CLDN1
S100P
FGFBP1
UCHL1
FGF2
IRX4
FYB
PCDHGB5
ZNF300
FAT2
NIPAL4
GABRP
NKX2-5
FAM83B
CD109
WISP3
AGR2
HOXA2
HOXA10
ELN
CD36
STEAP4
HR
SFRP1
ESRP1
LOC100288906
Gene LOC100288906 Not Found
GRHL2
GSDMC
Gene GSDMC Not Found
LYNX1
LY6D
LOC642574
Gene LOC642574 Not Found
KLHL9
LOC554202
Gene LOC554202 Not Found
IFNE
MTAP
CDKN2A
CDKN2B
AQP3
ALDH1A1
WNK2
PTGS1
LCN2
AKR1C2
CALML5
CALML3
COL17A1
MGMT
SAA1
SCGB1A1
ALDH3B2
ANO1
CRYAB
TMPRSS4
TRIM29
PLEKHG6
OLR1
MGP
KRT6B
KRT6C
KRT6A
KRT5
HOXC13
HOXC10
POU4F1
SLITRK6
DZIP1
SNRPN
SNURF
IPW
Gene IPW Not Found
DNAJA4
ANPEP
LOC643806
Gene LOC643806 Not Found
CCDC64B
PRSS8
NETO2
ABCC11
SLC6A2
CDH1
HAS3
CDH13
FOXL1
MMP28
KRT23
KRT13
KRT15
KRT14
KRT16
KRT17
HAP1
NGFR
SDK2
DSC3
SERPINB5
C3
Gene C3 Not Found
CASP14
Gene CASP14 Not Found
UCA1
Gene UCA1 Not Found
CYP4F11
FXYD3
RYR1
LGALS7
Gene LGALS7 Not Found
LGALS7B
CXCL17
ZNF229
CBLC
KLK5
KLK6
KLK8
KLK10
ZNF135
OVOL2
C20orf114
Gene C20orf114 Not Found
PI3
SLPI
CBS
SLC19A1
FBLN1
KLHDC7B
XG
Gene XG Not Found
MXRA5
COL4A6
Gene COL4A6 Not Found
SLC6A14
VGLL1
BGN
Traceback (most recent call last):
  File "get_data.py", line 80, in <module>
    make_map(gene_list, c1937, '1937', G_1937, threshold)
  File "get_data.py", line 60, in make_map
    nx.write_dot(G,'result/%s_graph.dot'% (threshold + name))
TypeError: unsupported operand type(s) for +: 'int' and 'str'
Couldn't import dot_parser, loading of dot files will not be possible.
['PADI3', 'GJB5', 'GJB4', 'CLCA2', 'VAV3', 'C1orf59', 'SLC16A1', 'VTCN1', 'HORMAD1', 'SPRR1B', 'S100A9', 'S100A8', 'S100A14', 'RAB25', 'CRABP2', 'VANGL2', 'PVRL4', 'PKP1', 'LAD1', 'ELF3', 'CHI3L1', 'LOC642587', 'IRF6', 'CAPN8', 'NID1', 'THNSL2', 'PROM2', 'IL1RN', 'ITGB6', 'COL5A2', 'IGFBP2', 'UGT1A6', 'FBLN2', 'CSTA', 'TF', 'IL20RB', 'CP', 'C3orf57', 'TP63', 'CLDN1', 'S100P', 'FGFBP1', 'UCHL1', 'FGF2', 'IRX4', 'FYB', 'PCDHGB5', 'ZNF300', 'FAT2', 'NIPAL4', 'GABRP', 'NKX2-5', 'FAM83B', 'CD109', 'WISP3', 'AGR2', 'HOXA2', 'HOXA10', 'ELN', 'CD36', 'STEAP4', 'HR', 'SFRP1', 'ESRP1', 'LOC100288906', 'GRHL2', 'GSDMC', 'LYNX1', 'LY6D', 'LOC642574', 'KLHL9', 'LOC554202', 'IFNE', 'MTAP', 'CDKN2A', 'CDKN2B', 'AQP3', 'ALDH1A1', 'WNK2', 'PTGS1', 'LCN2', 'AKR1C2', 'CALML5', 'CALML3', 'COL17A1', 'MGMT', 'SAA1', 'SCGB1A1', 'ALDH3B2', 'ANO1', 'CRYAB', 'TMPRSS4', 'TRIM29', 'PLEKHG6', 'OLR1', 'MGP', 'KRT6B', 'KRT6C', 'KRT6A', 'KRT5', 'HOXC13', 'HOXC10', 'POU4F1', 'SLITRK6', 'DZIP1', 'SNRPN', 'SNURF', 'IPW', 'DNAJA4', 'ANPEP', 'LOC643806', 'CCDC64B', 'PRSS8', 'NETO2', 'ABCC11', 'SLC6A2', 'CDH1', 'HAS3', 'CDH13', 'FOXL1', 'MMP28', 'KRT23', 'KRT13', 'KRT15', 'KRT14', 'KRT16', 'KRT17', 'HAP1', 'NGFR', 'SDK2', 'DSC3', 'SERPINB5', 'C3', 'CASP14', 'UCA1', 'CYP4F11', 'FXYD3', 'RYR1', 'LGALS7', 'LGALS7B', 'CXCL17', 'ZNF229', 'CBLC', 'KLK5', 'KLK6', 'KLK8', 'KLK10', 'ZNF135', 'OVOL2', 'C20orf114', 'PI3', 'SLPI', 'CBS', 'SLC19A1', 'FBLN1', 'KLHDC7B', 'XG', 'MXRA5', 'COL4A6', 'SLC6A14', 'VGLL1', 'BGN']
PADI3
GJB5
GJB4
CLCA2
VAV3
C1orf59
Gene C1orf59 Not Found
SLC16A1
VTCN1
HORMAD1
Gene HORMAD1 Not Found
SPRR1B
S100A9
S100A8
S100A14
RAB25
CRABP2
VANGL2
PVRL4
PKP1
LAD1
ELF3
CHI3L1
LOC642587
Gene LOC642587 Not Found
IRF6
CAPN8
Gene CAPN8 Not Found
NID1
THNSL2
PROM2
IL1RN
ITGB6
COL5A2
IGFBP2
UGT1A6
FBLN2
CSTA
TF
IL20RB
CP
C3orf57
Gene C3orf57 Not Found
TP63
CLDN1
S100P
FGFBP1
UCHL1
FGF2
IRX4
FYB
PCDHGB5
ZNF300
FAT2
NIPAL4
GABRP
NKX2-5
FAM83B
CD109
WISP3
AGR2
HOXA2
HOXA10
ELN
CD36
STEAP4
HR
SFRP1
ESRP1
LOC100288906
Gene LOC100288906 Not Found
GRHL2
GSDMC
Gene GSDMC Not Found
LYNX1
LY6D
LOC642574
Gene LOC642574 Not Found
KLHL9
LOC554202
Gene LOC554202 Not Found
IFNE
MTAP
CDKN2A
CDKN2B
AQP3
ALDH1A1
WNK2
PTGS1
LCN2
AKR1C2
CALML5
CALML3
COL17A1
MGMT
SAA1
SCGB1A1
ALDH3B2
ANO1
CRYAB
TMPRSS4
TRIM29
PLEKHG6
OLR1
MGP
KRT6B
KRT6C
KRT6A
KRT5
HOXC13
HOXC10
POU4F1
SLITRK6
DZIP1
SNRPN
SNURF
IPW
Gene IPW Not Found
DNAJA4
ANPEP
LOC643806
Gene LOC643806 Not Found
CCDC64B
PRSS8
NETO2
ABCC11
SLC6A2
CDH1
HAS3
CDH13
FOXL1
MMP28
KRT23
KRT13
KRT15
KRT14
KRT16
KRT17
HAP1
NGFR
SDK2
DSC3
SERPINB5
C3
CASP14
UCA1
Gene UCA1 Not Found
CYP4F11
FXYD3
RYR1
LGALS7
LGALS7B
CXCL17
ZNF229
CBLC
KLK5
KLK6
KLK8
KLK10
ZNF135
OVOL2
C20orf114
Gene C20orf114 Not Found
PI3
SLPI
CBS
SLC19A1
FBLN1
KLHDC7B
XG
Gene XG Not Found
MXRA5
COL4A6
SLC6A14
VGLL1
BGN
Traceback (most recent call last):
  File "get_data.py", line 80, in <module>
    make_map(gene_list, c1937, '1937', G_1937, threshold)
  File "get_data.py", line 60, in make_map
    nx.write_dot(G,'result/full/%s_graph.dot'% (threshold + name))
TypeError: unsupported operand type(s) for +: 'int' and 'str'
Couldn't import dot_parser, loading of dot files will not be possible.
['PADI3', 'GJB5', 'GJB4', 'CLCA2', 'VAV3', 'C1orf59', 'SLC16A1', 'VTCN1', 'HORMAD1', 'SPRR1B', 'S100A9', 'S100A8', 'S100A14', 'RAB25', 'CRABP2', 'VANGL2', 'PVRL4', 'PKP1', 'LAD1', 'ELF3', 'CHI3L1', 'LOC642587', 'IRF6', 'CAPN8', 'NID1', 'THNSL2', 'PROM2', 'IL1RN', 'ITGB6', 'COL5A2', 'IGFBP2', 'UGT1A6', 'FBLN2', 'CSTA', 'TF', 'IL20RB', 'CP', 'C3orf57', 'TP63', 'CLDN1', 'S100P', 'FGFBP1', 'UCHL1', 'FGF2', 'IRX4', 'FYB', 'PCDHGB5', 'ZNF300', 'FAT2', 'NIPAL4', 'GABRP', 'NKX2-5', 'FAM83B', 'CD109', 'WISP3', 'AGR2', 'HOXA2', 'HOXA10', 'ELN', 'CD36', 'STEAP4', 'HR', 'SFRP1', 'ESRP1', 'LOC100288906', 'GRHL2', 'GSDMC', 'LYNX1', 'LY6D', 'LOC642574', 'KLHL9', 'LOC554202', 'IFNE', 'MTAP', 'CDKN2A', 'CDKN2B', 'AQP3', 'ALDH1A1', 'WNK2', 'PTGS1', 'LCN2', 'AKR1C2', 'CALML5', 'CALML3', 'COL17A1', 'MGMT', 'SAA1', 'SCGB1A1', 'ALDH3B2', 'ANO1', 'CRYAB', 'TMPRSS4', 'TRIM29', 'PLEKHG6', 'OLR1', 'MGP', 'KRT6B', 'KRT6C', 'KRT6A', 'KRT5', 'HOXC13', 'HOXC10', 'POU4F1', 'SLITRK6', 'DZIP1', 'SNRPN', 'SNURF', 'IPW', 'DNAJA4', 'ANPEP', 'LOC643806', 'CCDC64B', 'PRSS8', 'NETO2', 'ABCC11', 'SLC6A2', 'CDH1', 'HAS3', 'CDH13', 'FOXL1', 'MMP28', 'KRT23', 'KRT13', 'KRT15', 'KRT14', 'KRT16', 'KRT17', 'HAP1', 'NGFR', 'SDK2', 'DSC3', 'SERPINB5', 'C3', 'CASP14', 'UCA1', 'CYP4F11', 'FXYD3', 'RYR1', 'LGALS7', 'LGALS7B', 'CXCL17', 'ZNF229', 'CBLC', 'KLK5', 'KLK6', 'KLK8', 'KLK10', 'ZNF135', 'OVOL2', 'C20orf114', 'PI3', 'SLPI', 'CBS', 'SLC19A1', 'FBLN1', 'KLHDC7B', 'XG', 'MXRA5', 'COL4A6', 'SLC6A14', 'VGLL1', 'BGN']
PADI3
GJB5
Too weak edge
GJB4
Too weak edge
CLCA2
Too weak edge
VAV3
C1orf59
Gene C1orf59 Not Found
SLC16A1
VTCN1
Too weak edge
HORMAD1
Too weak edge
SPRR1B
Too weak edge
S100A9
Too weak edge
S100A8
Too weak edge
S100A14
RAB25
Too weak edge
CRABP2
VANGL2
PVRL4
Too weak edge
PKP1
Too weak edge
LAD1
ELF3
Too weak edge
CHI3L1
Too weak edge
LOC642587
Too weak edge
IRF6
CAPN8
Too weak edge
NID1
Too weak edge
THNSL2
Too weak edge
PROM2
IL1RN
Too weak edge
ITGB6
COL5A2
IGFBP2
UGT1A6
Too weak edge
FBLN2
CSTA
Too weak edge
TF
Gene TF Not Found
IL20RB
Gene IL20RB Not Found
CP
Gene CP Not Found
C3orf57
Too weak edge
TP63
Too weak edge
CLDN1
Gene CLDN1 Not Found
S100P
Too weak edge
FGFBP1
Gene FGFBP1 Not Found
UCHL1
Too weak edge
FGF2
Too weak edge
IRX4
Too weak edge
FYB
PCDHGB5
ZNF300
Too weak edge
FAT2
NIPAL4
Too weak edge
GABRP
Too weak edge
NKX2-5
Too weak edge
FAM83B
Too weak edge
CD109
WISP3
Too weak edge
AGR2
HOXA2
Too weak edge
HOXA10
Too weak edge
ELN
Too weak edge
CD36
STEAP4
Too weak edge
HR
SFRP1
ESRP1
LOC100288906
Too weak edge
GRHL2
Too weak edge
GSDMC
Too weak edge
LYNX1
Too weak edge
LY6D
Too weak edge
LOC642574
Gene LOC642574 Not Found
KLHL9
Too weak edge
LOC554202
Too weak edge
IFNE
Too weak edge
MTAP
Too weak edge
CDKN2A
Too weak edge
CDKN2B
Too weak edge
AQP3
ALDH1A1
WNK2
PTGS1
LCN2
Too weak edge
AKR1C2
CALML5
Too weak edge
CALML3
Too weak edge
COL17A1
MGMT
Too weak edge
SAA1
Too weak edge
SCGB1A1
Too weak edge
ALDH3B2
Too weak edge
ANO1
CRYAB
Too weak edge
TMPRSS4
Too weak edge
TRIM29
Too weak edge
PLEKHG6
Too weak edge
OLR1
Too weak edge
MGP
KRT6B
KRT6C
KRT6A
KRT5
HOXC13
Too weak edge
HOXC10
Too weak edge
POU4F1
Too weak edge
SLITRK6
Too weak edge
DZIP1
Too weak edge
SNRPN
Too weak edge
SNURF
Too weak edge
IPW
Too weak edge
DNAJA4
ANPEP
Too weak edge
LOC643806
Too weak edge
CCDC64B
Too weak edge
PRSS8
Too weak edge
NETO2
ABCC11
Too weak edge
SLC6A2
Too weak edge
CDH1
HAS3
CDH13
Too weak edge
FOXL1
Too weak edge
MMP28
KRT23
Too weak edge
KRT13
Too weak edge
KRT15
KRT14
Too weak edge
KRT16
Gene KRT16 Not Found
KRT17
Gene KRT17 Not Found
HAP1
Too weak edge
NGFR
Gene NGFR Not Found
SDK2
Too weak edge
DSC3
SERPINB5
C3
Too weak edge
CASP14
Too weak edge
UCA1
Too weak edge
CYP4F11
Too weak edge
FXYD3
Too weak edge
RYR1
Too weak edge
LGALS7
Too weak edge
LGALS7B
Too weak edge
CXCL17
Too weak edge
ZNF229
Too weak edge
CBLC
Too weak edge
KLK5
Too weak edge
KLK6
Too weak edge
KLK8
Too weak edge
KLK10
Too weak edge
ZNF135
Too weak edge
OVOL2
Too weak edge
C20orf114
Too weak edge
PI3
Too weak edge
SLPI
CBS
Too weak edge
SLC19A1
Too weak edge
FBLN1
Too weak edge
KLHDC7B
Too weak edge
XG
Too weak edge
MXRA5
Too weak edge
COL4A6
Too weak edge
SLC6A14
Too weak edge
VGLL1
Too weak edge
BGN
Too weak edge
Traceback (most recent call last):
  File "get_data.py", line 84, in <module>
    make_map(gene_list, c231, '231', G_231, threshold)
  File "get_data.py", line 61, in make_map
    nx.write_dot(G,'result/full/%s_graph.dot'% (threshold + name))
TypeError: unsupported operand type(s) for +: 'int' and 'str'
Couldn't import dot_parser, loading of dot files will not be possible.
['PADI3', 'GJB5', 'GJB4', 'CLCA2', 'VAV3', 'C1orf59', 'SLC16A1', 'VTCN1', 'HORMAD1', 'SPRR1B', 'S100A9', 'S100A8', 'S100A14', 'RAB25', 'CRABP2', 'VANGL2', 'PVRL4', 'PKP1', 'LAD1', 'ELF3', 'CHI3L1', 'LOC642587', 'IRF6', 'CAPN8', 'NID1', 'THNSL2', 'PROM2', 'IL1RN', 'ITGB6', 'COL5A2', 'IGFBP2', 'UGT1A6', 'FBLN2', 'CSTA', 'TF', 'IL20RB', 'CP', 'C3orf57', 'TP63', 'CLDN1', 'S100P', 'FGFBP1', 'UCHL1', 'FGF2', 'IRX4', 'FYB', 'PCDHGB5', 'ZNF300', 'FAT2', 'NIPAL4', 'GABRP', 'NKX2-5', 'FAM83B', 'CD109', 'WISP3', 'AGR2', 'HOXA2', 'HOXA10', 'ELN', 'CD36', 'STEAP4', 'HR', 'SFRP1', 'ESRP1', 'LOC100288906', 'GRHL2', 'GSDMC', 'LYNX1', 'LY6D', 'LOC642574', 'KLHL9', 'LOC554202', 'IFNE', 'MTAP', 'CDKN2A', 'CDKN2B', 'AQP3', 'ALDH1A1', 'WNK2', 'PTGS1', 'LCN2', 'AKR1C2', 'CALML5', 'CALML3', 'COL17A1', 'MGMT', 'SAA1', 'SCGB1A1', 'ALDH3B2', 'ANO1', 'CRYAB', 'TMPRSS4', 'TRIM29', 'PLEKHG6', 'OLR1', 'MGP', 'KRT6B', 'KRT6C', 'KRT6A', 'KRT5', 'HOXC13', 'HOXC10', 'POU4F1', 'SLITRK6', 'DZIP1', 'SNRPN', 'SNURF', 'IPW', 'DNAJA4', 'ANPEP', 'LOC643806', 'CCDC64B', 'PRSS8', 'NETO2', 'ABCC11', 'SLC6A2', 'CDH1', 'HAS3', 'CDH13', 'FOXL1', 'MMP28', 'KRT23', 'KRT13', 'KRT15', 'KRT14', 'KRT16', 'KRT17', 'HAP1', 'NGFR', 'SDK2', 'DSC3', 'SERPINB5', 'C3', 'CASP14', 'UCA1', 'CYP4F11', 'FXYD3', 'RYR1', 'LGALS7', 'LGALS7B', 'CXCL17', 'ZNF229', 'CBLC', 'KLK5', 'KLK6', 'KLK8', 'KLK10', 'ZNF135', 'OVOL2', 'C20orf114', 'PI3', 'SLPI', 'CBS', 'SLC19A1', 'FBLN1', 'KLHDC7B', 'XG', 'MXRA5', 'COL4A6', 'SLC6A14', 'VGLL1', 'BGN']
PADI3
GJB5
GJB4
Gene GJB4 Not Found
CLCA2
Gene CLCA2 Not Found
VAV3
C1orf59
Gene C1orf59 Not Found
SLC16A1
VTCN1
HORMAD1
Gene HORMAD1 Not Found
SPRR1B
S100A9
S100A8
S100A14
RAB25
CRABP2
VANGL2
PVRL4
PKP1
LAD1
ELF3
CHI3L1
LOC642587
Gene LOC642587 Not Found
IRF6
CAPN8
Gene CAPN8 Not Found
NID1
THNSL2
PROM2
IL1RN
ITGB6
COL5A2
IGFBP2
UGT1A6
FBLN2
CSTA
TF
IL20RB
CP
C3orf57
Gene C3orf57 Not Found
TP63
CLDN1
S100P
FGFBP1
UCHL1
FGF2
IRX4
FYB
PCDHGB5
ZNF300
FAT2
NIPAL4
GABRP
NKX2-5
FAM83B
CD109
WISP3
AGR2
HOXA2
HOXA10
ELN
CD36
STEAP4
HR
SFRP1
ESRP1
LOC100288906
Gene LOC100288906 Not Found
GRHL2
GSDMC
Gene GSDMC Not Found
LYNX1
LY6D
LOC642574
Gene LOC642574 Not Found
KLHL9
LOC554202
Gene LOC554202 Not Found
IFNE
MTAP
CDKN2A
CDKN2B
AQP3
ALDH1A1
WNK2
PTGS1
Gene PTGS1 Not Found
LCN2
AKR1C2
CALML5
CALML3
Too weak edge
COL17A1
MGMT
SAA1
SCGB1A1
ALDH3B2
ANO1
CRYAB
TMPRSS4
TRIM29
PLEKHG6
OLR1
MGP
KRT6B
KRT6C
KRT6A
KRT5
HOXC13
HOXC10
POU4F1
SLITRK6
DZIP1
SNRPN
SNURF
IPW
Gene IPW Not Found
DNAJA4
ANPEP
LOC643806
Gene LOC643806 Not Found
CCDC64B
PRSS8
NETO2
ABCC11
SLC6A2
CDH1
Gene CDH1 Not Found
HAS3
CDH13
FOXL1
MMP28
KRT23
KRT13
KRT15
KRT14
KRT16
KRT17
HAP1
NGFR
SDK2
DSC3
SERPINB5
C3
Gene C3 Not Found
CASP14
UCA1
Gene UCA1 Not Found
CYP4F11
FXYD3
RYR1
LGALS7
LGALS7B
CXCL17
ZNF229
CBLC
KLK5
KLK6
KLK8
KLK10
ZNF135
OVOL2
C20orf114
Gene C20orf114 Not Found
PI3
SLPI
CBS
SLC19A1
FBLN1
KLHDC7B
XG
Gene XG Not Found
MXRA5
COL4A6
SLC6A14
VGLL1
BGN
Too weak edge
Traceback (most recent call last):
  File "cp_get_data.py", line 81, in <module>
    make_map(gene_list, c1937, '1937', G_1937, threshold)
  File "cp_get_data.py", line 61, in make_map
    nx.write_dot(G,'result/cp_full/%s_graph.dot'% (threshold + name))
TypeError: unsupported operand type(s) for +: 'int' and 'str'
Couldn't import dot_parser, loading of dot files will not be possible.
['PADI3', 'GJB5', 'GJB4', 'CLCA2', 'VAV3', 'C1orf59', 'SLC16A1', 'VTCN1', 'HORMAD1', 'SPRR1B', 'S100A9', 'S100A8', 'S100A14', 'RAB25', 'CRABP2', 'VANGL2', 'PVRL4', 'PKP1', 'LAD1', 'ELF3', 'CHI3L1', 'LOC642587', 'IRF6', 'CAPN8', 'NID1', 'THNSL2', 'PROM2', 'IL1RN', 'ITGB6', 'COL5A2', 'IGFBP2', 'UGT1A6', 'FBLN2', 'CSTA', 'TF', 'IL20RB', 'CP', 'C3orf57', 'TP63', 'CLDN1', 'S100P', 'FGFBP1', 'UCHL1', 'FGF2', 'IRX4', 'FYB', 'PCDHGB5', 'ZNF300', 'FAT2', 'NIPAL4', 'GABRP', 'NKX2-5', 'FAM83B', 'CD109', 'WISP3', 'AGR2', 'HOXA2', 'HOXA10', 'ELN', 'CD36', 'STEAP4', 'HR', 'SFRP1', 'ESRP1', 'LOC100288906', 'GRHL2', 'GSDMC', 'LYNX1', 'LY6D', 'LOC642574', 'KLHL9', 'LOC554202', 'IFNE', 'MTAP', 'CDKN2A', 'CDKN2B', 'AQP3', 'ALDH1A1', 'WNK2', 'PTGS1', 'LCN2', 'AKR1C2', 'CALML5', 'CALML3', 'COL17A1', 'MGMT', 'SAA1', 'SCGB1A1', 'ALDH3B2', 'ANO1', 'CRYAB', 'TMPRSS4', 'TRIM29', 'PLEKHG6', 'OLR1', 'MGP', 'KRT6B', 'KRT6C', 'KRT6A', 'KRT5', 'HOXC13', 'HOXC10', 'POU4F1', 'SLITRK6', 'DZIP1', 'SNRPN', 'SNURF', 'IPW', 'DNAJA4', 'ANPEP', 'LOC643806', 'CCDC64B', 'PRSS8', 'NETO2', 'ABCC11', 'SLC6A2', 'CDH1', 'HAS3', 'CDH13', 'FOXL1', 'MMP28', 'KRT23', 'KRT13', 'KRT15', 'KRT14', 'KRT16', 'KRT17', 'HAP1', 'NGFR', 'SDK2', 'DSC3', 'SERPINB5', 'C3', 'CASP14', 'UCA1', 'CYP4F11', 'FXYD3', 'RYR1', 'LGALS7', 'LGALS7B', 'CXCL17', 'ZNF229', 'CBLC', 'KLK5', 'KLK6', 'KLK8', 'KLK10', 'ZNF135', 'OVOL2', 'C20orf114', 'PI3', 'SLPI', 'CBS', 'SLC19A1', 'FBLN1', 'KLHDC7B', 'XG', 'MXRA5', 'COL4A6', 'SLC6A14', 'VGLL1', 'BGN']
PADI3
GJB5
GJB4
CLCA2
VAV3
Gene VAV3 Not Found
C1orf59
Gene C1orf59 Not Found
SLC16A1
VTCN1
HORMAD1
Gene HORMAD1 Not Found
SPRR1B
S100A9
S100A8
S100A14
RAB25
CRABP2
VANGL2
PVRL4
PKP1
LAD1
ELF3
CHI3L1
LOC642587
Gene LOC642587 Not Found
IRF6
CAPN8
Gene CAPN8 Not Found
NID1
THNSL2
PROM2
IL1RN
ITGB6
COL5A2
IGFBP2
UGT1A6
FBLN2
CSTA
TF
IL20RB
CP
C3orf57
Gene C3orf57 Not Found
TP63
CLDN1
S100P
FGFBP1
UCHL1
FGF2
IRX4
Gene IRX4 Not Found
FYB
PCDHGB5
ZNF300
FAT2
NIPAL4
GABRP
NKX2-5
FAM83B
CD109
WISP3
AGR2
HOXA2
HOXA10
ELN
CD36
STEAP4
HR
SFRP1
ESRP1
LOC100288906
Gene LOC100288906 Not Found
GRHL2
GSDMC
Gene GSDMC Not Found
LYNX1
LY6D
LOC642574
Gene LOC642574 Not Found
KLHL9
LOC554202
Gene LOC554202 Not Found
IFNE
MTAP
CDKN2A
CDKN2B
AQP3
ALDH1A1
WNK2
PTGS1
LCN2
AKR1C2
CALML5
CALML3
Too weak edge
COL17A1
MGMT
SAA1
SCGB1A1
ALDH3B2
ANO1
CRYAB
TMPRSS4
TRIM29
PLEKHG6
OLR1
MGP
KRT6B
KRT6C
KRT6A
KRT5
HOXC13
HOXC10
POU4F1
SLITRK6
DZIP1
SNRPN
SNURF
IPW
Gene IPW Not Found
DNAJA4
ANPEP
LOC643806
Gene LOC643806 Not Found
CCDC64B
PRSS8
NETO2
ABCC11
SLC6A2
CDH1
HAS3
CDH13
FOXL1
MMP28
KRT23
KRT13
KRT15
KRT14
KRT16
KRT17
HAP1
NGFR
SDK2
DSC3
SERPINB5
C3
CASP14
UCA1
Gene UCA1 Not Found
CYP4F11
FXYD3
RYR1
LGALS7
LGALS7B
CXCL17
ZNF229
CBLC
KLK5
KLK6
KLK8
KLK10
ZNF135
OVOL2
C20orf114
Gene C20orf114 Not Found
PI3
SLPI
CBS
Gene CBS Not Found
SLC19A1
FBLN1
KLHDC7B
XG
Gene XG Not Found
MXRA5
COL4A6
Gene COL4A6 Not Found
SLC6A14
VGLL1
BGN
Too weak edge
Traceback (most recent call last):
  File "cp_get_data.py", line 81, in <module>
    make_map(gene_list, c1937, '1937', G_1937, threshold)
  File "cp_get_data.py", line 61, in make_map
    nx.write_dot(G,'result/cp_full/%s_graph.dot'% (threshold + name))
TypeError: unsupported operand type(s) for +: 'int' and 'str'
Couldn't import dot_parser, loading of dot files will not be possible.
['PADI3', 'GJB5', 'GJB4', 'CLCA2', 'VAV3', 'C1orf59', 'SLC16A1', 'VTCN1', 'HORMAD1', 'SPRR1B', 'S100A9', 'S100A8', 'S100A14', 'RAB25', 'CRABP2', 'VANGL2', 'PVRL4', 'PKP1', 'LAD1', 'ELF3', 'CHI3L1', 'LOC642587', 'IRF6', 'CAPN8', 'NID1', 'THNSL2', 'PROM2', 'IL1RN', 'ITGB6', 'COL5A2', 'IGFBP2', 'UGT1A6', 'FBLN2', 'CSTA', 'TF', 'IL20RB', 'CP', 'C3orf57', 'TP63', 'CLDN1', 'S100P', 'FGFBP1', 'UCHL1', 'FGF2', 'IRX4', 'FYB', 'PCDHGB5', 'ZNF300', 'FAT2', 'NIPAL4', 'GABRP', 'NKX2-5', 'FAM83B', 'CD109', 'WISP3', 'AGR2', 'HOXA2', 'HOXA10', 'ELN', 'CD36', 'STEAP4', 'HR', 'SFRP1', 'ESRP1', 'LOC100288906', 'GRHL2', 'GSDMC', 'LYNX1', 'LY6D', 'LOC642574', 'KLHL9', 'LOC554202', 'IFNE', 'MTAP', 'CDKN2A', 'CDKN2B', 'AQP3', 'ALDH1A1', 'WNK2', 'PTGS1', 'LCN2', 'AKR1C2', 'CALML5', 'CALML3', 'COL17A1', 'MGMT', 'SAA1', 'SCGB1A1', 'ALDH3B2', 'ANO1', 'CRYAB', 'TMPRSS4', 'TRIM29', 'PLEKHG6', 'OLR1', 'MGP', 'KRT6B', 'KRT6C', 'KRT6A', 'KRT5', 'HOXC13', 'HOXC10', 'POU4F1', 'SLITRK6', 'DZIP1', 'SNRPN', 'SNURF', 'IPW', 'DNAJA4', 'ANPEP', 'LOC643806', 'CCDC64B', 'PRSS8', 'NETO2', 'ABCC11', 'SLC6A2', 'CDH1', 'HAS3', 'CDH13', 'FOXL1', 'MMP28', 'KRT23', 'KRT13', 'KRT15', 'KRT14', 'KRT16', 'KRT17', 'HAP1', 'NGFR', 'SDK2', 'DSC3', 'SERPINB5', 'C3', 'CASP14', 'UCA1', 'CYP4F11', 'FXYD3', 'RYR1', 'LGALS7', 'LGALS7B', 'CXCL17', 'ZNF229', 'CBLC', 'KLK5', 'KLK6', 'KLK8', 'KLK10', 'ZNF135', 'OVOL2', 'C20orf114', 'PI3', 'SLPI', 'CBS', 'SLC19A1', 'FBLN1', 'KLHDC7B', 'XG', 'MXRA5', 'COL4A6', 'SLC6A14', 'VGLL1', 'BGN']
PADI3
GJB5
Too weak edge
GJB4
Too weak edge
CLCA2
Too weak edge
VAV3
C1orf59
Gene C1orf59 Not Found
SLC16A1
VTCN1
Too weak edge
HORMAD1
Too weak edge
SPRR1B
Too weak edge
S100A9
Too weak edge
S100A8
Too weak edge
S100A14
RAB25
Too weak edge
CRABP2
VANGL2
PVRL4
Too weak edge
PKP1
Too weak edge
LAD1
ELF3
Too weak edge
CHI3L1
Too weak edge
LOC642587
Too weak edge
IRF6
CAPN8
Too weak edge
NID1
Too weak edge
THNSL2
Too weak edge
PROM2
IL1RN
Too weak edge
ITGB6
COL5A2
IGFBP2
UGT1A6
Too weak edge
FBLN2
CSTA
Too weak edge
TF
IL20RB
CP
C3orf57
Too weak edge
TP63
Too weak edge
CLDN1
S100P
Too weak edge
FGFBP1
UCHL1
Too weak edge
FGF2
Too weak edge
IRX4
Too weak edge
FYB
Gene FYB Not Found
PCDHGB5
ZNF300
Too weak edge
FAT2
NIPAL4
Too weak edge
GABRP
Too weak edge
NKX2-5
Too weak edge
FAM83B
Too weak edge
CD109
WISP3
Too weak edge
AGR2
HOXA2
Too weak edge
HOXA10
Too weak edge
ELN
Too weak edge
CD36
STEAP4
Too weak edge
HR
SFRP1
ESRP1
LOC100288906
Too weak edge
GRHL2
Too weak edge
GSDMC
Too weak edge
LYNX1
Too weak edge
LY6D
Too weak edge
LOC642574
Gene LOC642574 Not Found
KLHL9
Too weak edge
LOC554202
Too weak edge
IFNE
Too weak edge
MTAP
Too weak edge
CDKN2A
Too weak edge
CDKN2B
Too weak edge
AQP3
ALDH1A1
WNK2
PTGS1
LCN2
Too weak edge
AKR1C2
CALML5
Too weak edge
CALML3
Too weak edge
COL17A1
MGMT
Too weak edge
SAA1
Too weak edge
SCGB1A1
Too weak edge
ALDH3B2
Too weak edge
ANO1
CRYAB
Too weak edge
TMPRSS4
Too weak edge
TRIM29
Too weak edge
PLEKHG6
Too weak edge
OLR1
Too weak edge
MGP
KRT6B
KRT6C
KRT6A
KRT5
HOXC13
Too weak edge
HOXC10
Too weak edge
POU4F1
Too weak edge
SLITRK6
Too weak edge
DZIP1
Too weak edge
SNRPN
Too weak edge
SNURF
Too weak edge
IPW
Too weak edge
DNAJA4
ANPEP
Too weak edge
LOC643806
Too weak edge
CCDC64B
Too weak edge
PRSS8
Too weak edge
NETO2
ABCC11
Too weak edge
SLC6A2
Too weak edge
CDH1
HAS3
CDH13
Too weak edge
FOXL1
Too weak edge
MMP28
KRT23
Too weak edge
KRT13
Too weak edge
KRT15
KRT14
Too weak edge
KRT16
KRT17
HAP1
Too weak edge
NGFR
SDK2
Too weak edge
DSC3
SERPINB5
C3
Too weak edge
CASP14
Too weak edge
UCA1
Too weak edge
CYP4F11
Too weak edge
FXYD3
Too weak edge
RYR1
Too weak edge
LGALS7
Too weak edge
LGALS7B
Too weak edge
CXCL17
Too weak edge
ZNF229
Too weak edge
CBLC
Too weak edge
KLK5
Too weak edge
KLK6
Too weak edge
KLK8
Too weak edge
KLK10
Too weak edge
ZNF135
Too weak edge
OVOL2
Too weak edge
C20orf114
Too weak edge
PI3
Too weak edge
SLPI
CBS
Too weak edge
SLC19A1
Too weak edge
FBLN1
Too weak edge
KLHDC7B
Too weak edge
XG
Too weak edge
MXRA5
Too weak edge
COL4A6
Too weak edge
SLC6A14
Too weak edge
VGLL1
Too weak edge
BGN
Too weak edge
Finish
Couldn't import dot_parser, loading of dot files will not be possible.
['PADI3', 'GJB5', 'GJB4', 'CLCA2', 'VAV3', 'C1orf59', 'SLC16A1', 'VTCN1', 'HORMAD1', 'SPRR1B', 'S100A9', 'S100A8', 'S100A14', 'RAB25', 'CRABP2', 'VANGL2', 'PVRL4', 'PKP1', 'LAD1', 'ELF3', 'CHI3L1', 'LOC642587', 'IRF6', 'CAPN8', 'NID1', 'THNSL2', 'PROM2', 'IL1RN', 'ITGB6', 'COL5A2', 'IGFBP2', 'UGT1A6', 'FBLN2', 'CSTA', 'TF', 'IL20RB', 'CP', 'C3orf57', 'TP63', 'CLDN1', 'S100P', 'FGFBP1', 'UCHL1', 'FGF2', 'IRX4', 'FYB', 'PCDHGB5', 'ZNF300', 'FAT2', 'NIPAL4', 'GABRP', 'NKX2-5', 'FAM83B', 'CD109', 'WISP3', 'AGR2', 'HOXA2', 'HOXA10', 'ELN', 'CD36', 'STEAP4', 'HR', 'SFRP1', 'ESRP1', 'LOC100288906', 'GRHL2', 'GSDMC', 'LYNX1', 'LY6D', 'LOC642574', 'KLHL9', 'LOC554202', 'IFNE', 'MTAP', 'CDKN2A', 'CDKN2B', 'AQP3', 'ALDH1A1', 'WNK2', 'PTGS1', 'LCN2', 'AKR1C2', 'CALML5', 'CALML3', 'COL17A1', 'MGMT', 'SAA1', 'SCGB1A1', 'ALDH3B2', 'ANO1', 'CRYAB', 'TMPRSS4', 'TRIM29', 'PLEKHG6', 'OLR1', 'MGP', 'KRT6B', 'KRT6C', 'KRT6A', 'KRT5', 'HOXC13', 'HOXC10', 'POU4F1', 'SLITRK6', 'DZIP1', 'SNRPN', 'SNURF', 'IPW', 'DNAJA4', 'ANPEP', 'LOC643806', 'CCDC64B', 'PRSS8', 'NETO2', 'ABCC11', 'SLC6A2', 'CDH1', 'HAS3', 'CDH13', 'FOXL1', 'MMP28', 'KRT23', 'KRT13', 'KRT15', 'KRT14', 'KRT16', 'KRT17', 'HAP1', 'NGFR', 'SDK2', 'DSC3', 'SERPINB5', 'C3', 'CASP14', 'UCA1', 'CYP4F11', 'FXYD3', 'RYR1', 'LGALS7', 'LGALS7B', 'CXCL17', 'ZNF229', 'CBLC', 'KLK5', 'KLK6', 'KLK8', 'KLK10', 'ZNF135', 'OVOL2', 'C20orf114', 'PI3', 'SLPI', 'CBS', 'SLC19A1', 'FBLN1', 'KLHDC7B', 'XG', 'MXRA5', 'COL4A6', 'SLC6A14', 'VGLL1', 'BGN']
PADI3
GJB5
GJB4
CLCA2
VAV3
C1orf59
Gene C1orf59 Not Found
SLC16A1
VTCN1
HORMAD1
Gene HORMAD1 Not Found
SPRR1B
S100A9
S100A8
S100A14
RAB25
CRABP2
VANGL2
PVRL4
PKP1
LAD1
ELF3
CHI3L1
LOC642587
Gene LOC642587 Not Found
IRF6
CAPN8
Gene CAPN8 Not Found
NID1
THNSL2
PROM2
IL1RN
Gene IL1RN Not Found
ITGB6
COL5A2
IGFBP2
UGT1A6
FBLN2
CSTA
TF
IL20RB
CP
C3orf57
Gene C3orf57 Not Found
TP63
CLDN1
S100P
FGFBP1
UCHL1
FGF2
IRX4
FYB
PCDHGB5
ZNF300
FAT2
NIPAL4
GABRP
NKX2-5
FAM83B
CD109
WISP3
AGR2
HOXA2
HOXA10
ELN
CD36
STEAP4
HR
SFRP1
ESRP1
LOC100288906
Gene LOC100288906 Not Found
GRHL2
GSDMC
Gene GSDMC Not Found
LYNX1
LY6D
LOC642574
Gene LOC642574 Not Found
KLHL9
LOC554202
Gene LOC554202 Not Found
IFNE
MTAP
CDKN2A
CDKN2B
AQP3
ALDH1A1
WNK2
PTGS1
LCN2
AKR1C2
CALML5
CALML3
Too weak edge
COL17A1
MGMT
SAA1
SCGB1A1
ALDH3B2
ANO1
CRYAB
TMPRSS4
TRIM29
PLEKHG6
OLR1
MGP
KRT6B
KRT6C
KRT6A
KRT5
HOXC13
HOXC10
POU4F1
SLITRK6
DZIP1
SNRPN
SNURF
IPW
Gene IPW Not Found
DNAJA4
ANPEP
LOC643806
Gene LOC643806 Not Found
CCDC64B
PRSS8
NETO2
ABCC11
SLC6A2
CDH1
HAS3
CDH13
FOXL1
MMP28
KRT23
KRT13
KRT15
KRT14
KRT16
KRT17
HAP1
NGFR
SDK2
DSC3
SERPINB5
C3
CASP14
UCA1
Gene UCA1 Not Found
CYP4F11
FXYD3
RYR1
LGALS7
LGALS7B
CXCL17
ZNF229
CBLC
KLK5
KLK6
KLK8
KLK10
ZNF135
OVOL2
C20orf114
Gene C20orf114 Not Found
PI3
SLPI
CBS
SLC19A1
FBLN1
KLHDC7B
XG
Gene XG Not Found
MXRA5
COL4A6
SLC6A14
VGLL1
BGN
Too weak edge
PADI3
GJB5
GJB4
CLCA2
VAV3
C1orf59
Gene C1orf59 Not Found
SLC16A1
VTCN1
HORMAD1
Gene HORMAD1 Not Found
SPRR1B
S100A9
S100A8
S100A14
RAB25
CRABP2
VANGL2
PVRL4
PKP1
LAD1
ELF3
CHI3L1
LOC642587
Gene LOC642587 Not Found
IRF6
CAPN8
Gene CAPN8 Not Found
NID1
THNSL2
PROM2
IL1RN
ITGB6
COL5A2
IGFBP2
UGT1A6
FBLN2
CSTA
TF
IL20RB
CP
C3orf57
Gene C3orf57 Not Found
TP63
CLDN1
S100P
FGFBP1
UCHL1
FGF2
IRX4
FYB
PCDHGB5
ZNF300
FAT2
NIPAL4
GABRP
NKX2-5
FAM83B
CD109
WISP3
AGR2
HOXA2
HOXA10
ELN
CD36
STEAP4
HR
SFRP1
ESRP1
LOC100288906
Gene LOC100288906 Not Found
GRHL2
GSDMC
Gene GSDMC Not Found
LYNX1
LY6D
LOC642574
Gene LOC642574 Not Found
KLHL9
LOC554202
Gene LOC554202 Not Found
IFNE
MTAP
CDKN2A
CDKN2B
AQP3
ALDH1A1
WNK2
PTGS1
LCN2
AKR1C2
CALML5
CALML3
COL17A1
MGMT
SAA1
SCGB1A1
ALDH3B2
ANO1
CRYAB
TMPRSS4
TRIM29
PLEKHG6
OLR1
MGP
KRT6B
KRT6C
KRT6A
KRT5
HOXC13
HOXC10
POU4F1
SLITRK6
DZIP1
SNRPN
SNURF
IPW
Gene IPW Not Found
DNAJA4
ANPEP
LOC643806
Gene LOC643806 Not Found
CCDC64B
PRSS8
NETO2
ABCC11
SLC6A2
CDH1
HAS3
CDH13
FOXL1
MMP28
KRT23
KRT13
KRT15
KRT14
KRT16
KRT17
HAP1
NGFR
SDK2
DSC3
SERPINB5
C3
CASP14
UCA1
Gene UCA1 Not Found
CYP4F11
FXYD3
RYR1
LGALS7
LGALS7B
CXCL17
ZNF229
CBLC
KLK5
KLK6
KLK8
KLK10
ZNF135
OVOL2
C20orf114
Gene C20orf114 Not Found
PI3
SLPI
CBS
SLC19A1
FBLN1
KLHDC7B
XG
Gene XG Not Found
MXRA5
COL4A6
SLC6A14
VGLL1
BGN
PADI3
GJB5
GJB4
CLCA2
VAV3
C1orf59
Gene C1orf59 Not Found
SLC16A1
VTCN1
HORMAD1
Gene HORMAD1 Not Found
SPRR1B
S100A9
S100A8
S100A14
RAB25
CRABP2
VANGL2
PVRL4
PKP1
LAD1
ELF3
CHI3L1
LOC642587
Gene LOC642587 Not Found
IRF6
CAPN8
Gene CAPN8 Not Found
NID1
THNSL2
PROM2
IL1RN
ITGB6
COL5A2
IGFBP2
UGT1A6
FBLN2
CSTA
TF
IL20RB
CP
C3orf57
Gene C3orf57 Not Found
TP63
CLDN1
S100P
FGFBP1
UCHL1
FGF2
IRX4
FYB
PCDHGB5
ZNF300
FAT2
NIPAL4
GABRP
NKX2-5
FAM83B
CD109
WISP3
AGR2
HOXA2
HOXA10
ELN
CD36
STEAP4
HR
SFRP1
ESRP1
LOC100288906
Gene LOC100288906 Not Found
GRHL2
GSDMC
Gene GSDMC Not Found
LYNX1
LY6D
LOC642574
Gene LOC642574 Not Found
KLHL9
LOC554202
Gene LOC554202 Not Found
IFNE
MTAP
CDKN2A
CDKN2B
AQP3
ALDH1A1
WNK2
PTGS1
LCN2
AKR1C2
CALML5
CALML3
COL17A1
MGMT
SAA1
SCGB1A1
ALDH3B2
ANO1
CRYAB
TMPRSS4
TRIM29
PLEKHG6
OLR1
MGP
KRT6B
KRT6C
KRT6A
KRT5
HOXC13
HOXC10
POU4F1
SLITRK6
DZIP1
SNRPN
SNURF
IPW
Gene IPW Not Found
DNAJA4
ANPEP
LOC643806
Gene LOC643806 Not Found
CCDC64B
PRSS8
NETO2
ABCC11
SLC6A2
CDH1
HAS3
CDH13
FOXL1
MMP28
KRT23
KRT13
KRT15
KRT14
KRT16
KRT17
HAP1
NGFR
SDK2
DSC3
SERPINB5
C3
CASP14
UCA1
Gene UCA1 Not Found
CYP4F11
FXYD3
RYR1
LGALS7
LGALS7B
CXCL17
ZNF229
CBLC
KLK5
KLK6
KLK8
KLK10
ZNF135
OVOL2
C20orf114
Gene C20orf114 Not Found
PI3
SLPI
CBS
SLC19A1
FBLN1
KLHDC7B
XG
Gene XG Not Found
MXRA5
COL4A6
SLC6A14
VGLL1
BGN
Finish
